# JRE version: Java(TM) SE Runtime Environment (8.0_60-b27) (build 1.8.0_60-b27)
# Java VM: Java HotSpot(TM) 64-Bit Server VM (25.60-b23 mixed mode windows-amd64 compressed oops)
Heap:
 PSYoungGen      total 42496K, used 7623K [0x0000000715d80000, 0x000000071d700000, 0x00000007c0000000)
  eden space 41984K, 18% used [0x0000000715d80000,0x00000007164e1d50,0x0000000718680000)
  from space 512K, 12% used [0x000000071d600000,0x000000071d610000,0x000000071d680000)
  to   space 512K, 0% used [0x000000071d680000,0x000000071d680000,0x000000071d700000)
 ParOldGen       total 349696K, used 2448K [0x00000005c1800000, 0x00000005d6d80000, 0x0000000715d80000)
  object space 349696K, 0% used [0x00000005c1800000,0x00000005c1a64388,0x00000005d6d80000)
 Metaspace       used 12990K, capacity 13218K, committed 13312K, reserved 1060864K
  class space    used 1697K, capacity 1775K, committed 1792K, reserved 1048576K
GC Heap History (10 events):
Event: 10495.648 GC heap before
{Heap before GC invocations=24107 (full 0):
 PSYoungGen      total 42496K, used 42048K [0x0000000715d80000, 0x000000071d700000, 0x00000007c0000000)
  eden space 41984K, 100% used [0x0000000715d80000,0x0000000718680000,0x0000000718680000)
  from space 512K, 12% used [0x000000071d680000,0x000000071d690000,0x000000071d700000)
  to   space 512K, 0% used [0x000000071d600000,0x000000071d600000,0x000000071d680000)
 ParOldGen       total 349696K, used 2448K [0x00000005c1800000, 0x00000005d6d80000, 0x0000000715d80000)
  object space 349696K, 0% used [0x00000005c1800000,0x00000005c1a64388,0x00000005d6d80000)
 Metaspace       used 12987K, capacity 13218K, committed 13312K, reserved 1060864K
  class space    used 1696K, capacity 1775K, committed 1792K, reserved 1048576K
Event: 10495.648 GC heap after
Heap after GC invocations=24107 (full 0):
 PSYoungGen      total 42496K, used 64K [0x0000000715d80000, 0x000000071d700000, 0x00000007c0000000)
  eden space 41984K, 0% used [0x0000000715d80000,0x0000000715d80000,0x0000000718680000)
  from space 512K, 12% used [0x000000071d600000,0x000000071d610000,0x000000071d680000)
  to   space 512K, 0% used [0x000000071d680000,0x000000071d680000,0x000000071d700000)
 ParOldGen       total 349696K, used 2448K [0x00000005c1800000, 0x00000005d6d80000, 0x0000000715d80000)
  object space 349696K, 0% used [0x00000005c1800000,0x00000005c1a64388,0x00000005d6d80000)
 Metaspace       used 12987K, capacity 13218K, committed 13312K, reserved 1060864K
  class space    used 1696K, capacity 1775K, committed 1792K, reserved 1048576K
}
Event: 10496.047 GC heap before
{Heap before GC invocations=24108 (full 0):
 PSYoungGen      total 42496K, used 42048K [0x0000000715d80000, 0x000000071d700000, 0x00000007c0000000)
  eden space 41984K, 100% used [0x0000000715d80000,0x0000000718680000,0x0000000718680000)
  from space 512K, 12% used [0x000000071d600000,0x000000071d610000,0x000000071d680000)
  to   space 512K, 0% used [0x000000071d680000,0x000000071d680000,0x000000071d700000)
 ParOldGen       total 349696K, used 2448K [0x00000005c1800000, 0x00000005d6d80000, 0x0000000715d80000)
  object space 349696K, 0% used [0x00000005c1800000,0x00000005c1a64388,0x00000005d6d80000)
 Metaspace       used 12987K, capacity 13218K, committed 13312K, reserved 1060864K
  class space    used 1696K, capacity 1775K, committed 1792K, reserved 1048576K
Event: 10496.048 GC heap after
Heap after GC invocations=24108 (full 0):
 PSYoungGen      total 42496K, used 64K [0x0000000715d80000, 0x000000071d700000, 0x00000007c0000000)
  eden space 41984K, 0% used [0x0000000715d80000,0x0000000715d80000,0x0000000718680000)
  from space 512K, 12% used [0x000000071d680000,0x000000071d690000,0x000000071d700000)
  to   space 512K, 0% used [0x000000071d600000,0x000000071d600000,0x000000071d680000)
 ParOldGen       total 349696K, used 2448K [0x00000005c1800000, 0x00000005d6d80000, 0x0000000715d80000)
  object space 349696K, 0% used [0x00000005c1800000,0x00000005c1a64388,0x00000005d6d80000)
 Metaspace       used 12987K, capacity 13218K, committed 13312K, reserved 1060864K
  class space    used 1696K, capacity 1775K, committed 1792K, reserved 1048576K
}
Event: 10496.447 GC heap before
{Heap before GC invocations=24109 (full 0):
 PSYoungGen      total 42496K, used 42048K [0x0000000715d80000, 0x000000071d700000, 0x00000007c0000000)
  eden space 41984K, 100% used [0x0000000715d80000,0x0000000718680000,0x0000000718680000)
  from space 512K, 12% used [0x000000071d680000,0x000000071d690000,0x000000071d700000)
  to   space 512K, 0% used [0x000000071d600000,0x000000071d600000,0x000000071d680000)
 ParOldGen       total 349696K, used 2448K [0x00000005c1800000, 0x00000005d6d80000, 0x0000000715d80000)
  object space 349696K, 0% used [0x00000005c1800000,0x00000005c1a64388,0x00000005d6d80000)
 Metaspace       used 12987K, capacity 13218K, committed 13312K, reserved 1060864K
  class space    used 1696K, capacity 1775K, committed 1792K, reserved 1048576K
Event: 10496.448 GC heap after
Heap after GC invocations=24109 (full 0):
 PSYoungGen      total 42496K, used 64K [0x0000000715d80000, 0x000000071d700000, 0x00000007c0000000)
  eden space 41984K, 0% used [0x0000000715d80000,0x0000000715d80000,0x0000000718680000)
  from space 512K, 12% used [0x000000071d600000,0x000000071d610000,0x000000071d680000)
  to   space 512K, 0% used [0x000000071d680000,0x000000071d680000,0x000000071d700000)
 ParOldGen       total 349696K, used 2448K [0x00000005c1800000, 0x00000005d6d80000, 0x0000000715d80000)
  object space 349696K, 0% used [0x00000005c1800000,0x00000005c1a64388,0x00000005d6d80000)
 Metaspace       used 12987K, capacity 13218K, committed 13312K, reserved 1060864K
  class space    used 1696K, capacity 1775K, committed 1792K, reserved 1048576K
}
Event: 10496.864 GC heap before
{Heap before GC invocations=24110 (full 0):
 PSYoungGen      total 42496K, used 42048K [0x0000000715d80000, 0x000000071d700000, 0x00000007c0000000)
  eden space 41984K, 100% used [0x0000000715d80000,0x0000000718680000,0x0000000718680000)
  from space 512K, 12% used [0x000000071d600000,0x000000071d610000,0x000000071d680000)
  to   space 512K, 0% used [0x000000071d680000,0x000000071d680000,0x000000071d700000)
 ParOldGen       total 349696K, used 2448K [0x00000005c1800000, 0x00000005d6d80000, 0x0000000715d80000)
  object space 349696K, 0% used [0x00000005c1800000,0x00000005c1a64388,0x00000005d6d80000)
 Metaspace       used 12987K, capacity 13218K, committed 13312K, reserved 1060864K
  class space    used 1696K, capacity 1775K, committed 1792K, reserved 1048576K
Event: 10496.864 GC heap after
Heap after GC invocations=24110 (full 0):
 PSYoungGen      total 42496K, used 64K [0x0000000715d80000, 0x000000071d700000, 0x00000007c0000000)
  eden space 41984K, 0% used [0x0000000715d80000,0x0000000715d80000,0x0000000718680000)
  from space 512K, 12% used [0x000000071d680000,0x000000071d690000,0x000000071d700000)
  to   space 512K, 0% used [0x000000071d600000,0x000000071d600000,0x000000071d680000)
 ParOldGen       total 349696K, used 2448K [0x00000005c1800000, 0x00000005d6d80000, 0x0000000715d80000)
  object space 349696K, 0% used [0x00000005c1800000,0x00000005c1a64388,0x00000005d6d80000)
 Metaspace       used 12987K, capacity 13218K, committed 13312K, reserved 1060864K
  class space    used 1696K, capacity 1775K, committed 1792K, reserved 1048576K
}
Event: 10497.273 GC heap before
{Heap before GC invocations=24111 (full 0):
 PSYoungGen      total 42496K, used 42048K [0x0000000715d80000, 0x000000071d700000, 0x00000007c0000000)
  eden space 41984K, 100% used [0x0000000715d80000,0x0000000718680000,0x0000000718680000)
  from space 512K, 12% used [0x000000071d680000,0x000000071d690000,0x000000071d700000)
  to   space 512K, 0% used [0x000000071d600000,0x000000071d600000,0x000000071d680000)
 ParOldGen       total 349696K, used 2448K [0x00000005c1800000, 0x00000005d6d80000, 0x0000000715d80000)
  object space 349696K, 0% used [0x00000005c1800000,0x00000005c1a64388,0x00000005d6d80000)
 Metaspace       used 12987K, capacity 13218K, committed 13312K, reserved 1060864K
  class space    used 1696K, capacity 1775K, committed 1792K, reserved 1048576K
Event: 10497.274 GC heap after
Heap after GC invocations=24111 (full 0):
 PSYoungGen      total 42496K, used 64K [0x0000000715d80000, 0x000000071d700000, 0x00000007c0000000)
  eden space 41984K, 0% used [0x0000000715d80000,0x0000000715d80000,0x0000000718680000)
  from space 512K, 12% used [0x000000071d600000,0x000000071d610000,0x000000071d680000)
  to   space 512K, 0% used [0x000000071d680000,0x000000071d680000,0x000000071d700000)
 ParOldGen       total 349696K, used 2448K [0x00000005c1800000, 0x00000005d6d80000, 0x0000000715d80000)
  object space 349696K, 0% used [0x00000005c1800000,0x00000005c1a64388,0x00000005d6d80000)
 Metaspace       used 12987K, capacity 13218K, committed 13312K, reserved 1060864K
  class space    used 1696K, capacity 1775K, committed 1792K, reserved 1048576K
}

