# JRE version: Java(TM) SE Runtime Environment (8.0_60-b27) (build 1.8.0_60-b27)
# Java VM: Java HotSpot(TM) 64-Bit Server VM (25.60-b23 mixed mode windows-amd64 compressed oops)
Heap:
 PSYoungGen      total 42496K, used 12241K [0x0000000715d80000, 0x000000071d500000, 0x00000007c0000000)
  eden space 41984K, 29% used [0x0000000715d80000,0x0000000716964508,0x0000000718680000)
  from space 512K, 12% used [0x000000071d480000,0x000000071d490000,0x000000071d500000)
  to   space 512K, 0% used [0x000000071d400000,0x000000071d400000,0x000000071d480000)
 ParOldGen       total 349696K, used 1960K [0x00000005c1800000, 0x00000005d6d80000, 0x0000000715d80000)
  object space 349696K, 0% used [0x00000005c1800000,0x00000005c19ea070,0x00000005d6d80000)
 Metaspace       used 12971K, capacity 13142K, committed 13312K, reserved 1060864K
  class space    used 1645K, capacity 1709K, committed 1792K, reserved 1048576K
GC Heap History (10 events):
Event: 8171.778 GC heap before
{Heap before GC invocations=19296 (full 0):
 PSYoungGen      total 42496K, used 42048K [0x0000000715d80000, 0x000000071d500000, 0x00000007c0000000)
  eden space 41984K, 100% used [0x0000000715d80000,0x0000000718680000,0x0000000718680000)
  from space 512K, 12% used [0x000000071d400000,0x000000071d410000,0x000000071d480000)
  to   space 512K, 0% used [0x000000071d480000,0x000000071d480000,0x000000071d500000)
 ParOldGen       total 349696K, used 1960K [0x00000005c1800000, 0x00000005d6d80000, 0x0000000715d80000)
  object space 349696K, 0% used [0x00000005c1800000,0x00000005c19ea070,0x00000005d6d80000)
 Metaspace       used 12969K, capacity 13142K, committed 13312K, reserved 1060864K
  class space    used 1644K, capacity 1709K, committed 1792K, reserved 1048576K
Event: 8171.778 GC heap after
Heap after GC invocations=19296 (full 0):
 PSYoungGen      total 42496K, used 32K [0x0000000715d80000, 0x000000071d500000, 0x00000007c0000000)
  eden space 41984K, 0% used [0x0000000715d80000,0x0000000715d80000,0x0000000718680000)
  from space 512K, 6% used [0x000000071d480000,0x000000071d488000,0x000000071d500000)
  to   space 512K, 0% used [0x000000071d400000,0x000000071d400000,0x000000071d480000)
 ParOldGen       total 349696K, used 1960K [0x00000005c1800000, 0x00000005d6d80000, 0x0000000715d80000)
  object space 349696K, 0% used [0x00000005c1800000,0x00000005c19ea070,0x00000005d6d80000)
 Metaspace       used 12969K, capacity 13142K, committed 13312K, reserved 1060864K
  class space    used 1644K, capacity 1709K, committed 1792K, reserved 1048576K
}
Event: 8172.197 GC heap before
{Heap before GC invocations=19297 (full 0):
 PSYoungGen      total 42496K, used 42016K [0x0000000715d80000, 0x000000071d500000, 0x00000007c0000000)
  eden space 41984K, 100% used [0x0000000715d80000,0x0000000718680000,0x0000000718680000)
  from space 512K, 6% used [0x000000071d480000,0x000000071d488000,0x000000071d500000)
  to   space 512K, 0% used [0x000000071d400000,0x000000071d400000,0x000000071d480000)
 ParOldGen       total 349696K, used 1960K [0x00000005c1800000, 0x00000005d6d80000, 0x0000000715d80000)
  object space 349696K, 0% used [0x00000005c1800000,0x00000005c19ea070,0x00000005d6d80000)
 Metaspace       used 12969K, capacity 13142K, committed 13312K, reserved 1060864K
  class space    used 1644K, capacity 1709K, committed 1792K, reserved 1048576K
Event: 8172.197 GC heap after
Heap after GC invocations=19297 (full 0):
 PSYoungGen      total 42496K, used 64K [0x0000000715d80000, 0x000000071d500000, 0x00000007c0000000)
  eden space 41984K, 0% used [0x0000000715d80000,0x0000000715d80000,0x0000000718680000)
  from space 512K, 12% used [0x000000071d400000,0x000000071d410000,0x000000071d480000)
  to   space 512K, 0% used [0x000000071d480000,0x000000071d480000,0x000000071d500000)
 ParOldGen       total 349696K, used 1960K [0x00000005c1800000, 0x00000005d6d80000, 0x0000000715d80000)
  object space 349696K, 0% used [0x00000005c1800000,0x00000005c19ea070,0x00000005d6d80000)
 Metaspace       used 12969K, capacity 13142K, committed 13312K, reserved 1060864K
  class space    used 1644K, capacity 1709K, committed 1792K, reserved 1048576K
}
Event: 8172.611 GC heap before
{Heap before GC invocations=19298 (full 0):
 PSYoungGen      total 42496K, used 42048K [0x0000000715d80000, 0x000000071d500000, 0x00000007c0000000)
  eden space 41984K, 100% used [0x0000000715d80000,0x0000000718680000,0x0000000718680000)
  from space 512K, 12% used [0x000000071d400000,0x000000071d410000,0x000000071d480000)
  to   space 512K, 0% used [0x000000071d480000,0x000000071d480000,0x000000071d500000)
 ParOldGen       total 349696K, used 1960K [0x00000005c1800000, 0x00000005d6d80000, 0x0000000715d80000)
  object space 349696K, 0% used [0x00000005c1800000,0x00000005c19ea070,0x00000005d6d80000)
 Metaspace       used 12969K, capacity 13142K, committed 13312K, reserved 1060864K
  class space    used 1644K, capacity 1709K, committed 1792K, reserved 1048576K
Event: 8172.612 GC heap after
Heap after GC invocations=19298 (full 0):
 PSYoungGen      total 42496K, used 64K [0x0000000715d80000, 0x000000071d500000, 0x00000007c0000000)
  eden space 41984K, 0% used [0x0000000715d80000,0x0000000715d80000,0x0000000718680000)
  from space 512K, 12% used [0x000000071d480000,0x000000071d490000,0x000000071d500000)
  to   space 512K, 0% used [0x000000071d400000,0x000000071d400000,0x000000071d480000)
 ParOldGen       total 349696K, used 1960K [0x00000005c1800000, 0x00000005d6d80000, 0x0000000715d80000)
  object space 349696K, 0% used [0x00000005c1800000,0x00000005c19ea070,0x00000005d6d80000)
 Metaspace       used 12969K, capacity 13142K, committed 13312K, reserved 1060864K
  class space    used 1644K, capacity 1709K, committed 1792K, reserved 1048576K
}
Event: 8173.045 GC heap before
{Heap before GC invocations=19299 (full 0):
 PSYoungGen      total 42496K, used 42048K [0x0000000715d80000, 0x000000071d500000, 0x00000007c0000000)
  eden space 41984K, 100% used [0x0000000715d80000,0x0000000718680000,0x0000000718680000)
  from space 512K, 12% used [0x000000071d480000,0x000000071d490000,0x000000071d500000)
  to   space 512K, 0% used [0x000000071d400000,0x000000071d400000,0x000000071d480000)
 ParOldGen       total 349696K, used 1960K [0x00000005c1800000, 0x00000005d6d80000, 0x0000000715d80000)
  object space 349696K, 0% used [0x00000005c1800000,0x00000005c19ea070,0x00000005d6d80000)
 Metaspace       used 12969K, capacity 13142K, committed 13312K, reserved 1060864K
  class space    used 1644K, capacity 1709K, committed 1792K, reserved 1048576K
Event: 8173.045 GC heap after
Heap after GC invocations=19299 (full 0):
 PSYoungGen      total 42496K, used 32K [0x0000000715d80000, 0x000000071d500000, 0x00000007c0000000)
  eden space 41984K, 0% used [0x0000000715d80000,0x0000000715d80000,0x0000000718680000)
  from space 512K, 6% used [0x000000071d400000,0x000000071d408000,0x000000071d480000)
  to   space 512K, 0% used [0x000000071d480000,0x000000071d480000,0x000000071d500000)
 ParOldGen       total 349696K, used 1960K [0x00000005c1800000, 0x00000005d6d80000, 0x0000000715d80000)
  object space 349696K, 0% used [0x00000005c1800000,0x00000005c19ea070,0x00000005d6d80000)
 Metaspace       used 12969K, capacity 13142K, committed 13312K, reserved 1060864K
  class space    used 1644K, capacity 1709K, committed 1792K, reserved 1048576K
}
Event: 8173.459 GC heap before
{Heap before GC invocations=19300 (full 0):
 PSYoungGen      total 42496K, used 42016K [0x0000000715d80000, 0x000000071d500000, 0x00000007c0000000)
  eden space 41984K, 100% used [0x0000000715d80000,0x0000000718680000,0x0000000718680000)
  from space 512K, 6% used [0x000000071d400000,0x000000071d408000,0x000000071d480000)
  to   space 512K, 0% used [0x000000071d480000,0x000000071d480000,0x000000071d500000)
 ParOldGen       total 349696K, used 1960K [0x00000005c1800000, 0x00000005d6d80000, 0x0000000715d80000)
  object space 349696K, 0% used [0x00000005c1800000,0x00000005c19ea070,0x00000005d6d80000)
 Metaspace       used 12969K, capacity 13142K, committed 13312K, reserved 1060864K
  class space    used 1644K, capacity 1709K, committed 1792K, reserved 1048576K
Event: 8173.460 GC heap after
Heap after GC invocations=19300 (full 0):
 PSYoungGen      total 42496K, used 64K [0x0000000715d80000, 0x000000071d500000, 0x00000007c0000000)
  eden space 41984K, 0% used [0x0000000715d80000,0x0000000715d80000,0x0000000718680000)
  from space 512K, 12% used [0x000000071d480000,0x000000071d490000,0x000000071d500000)
  to   space 512K, 0% used [0x000000071d400000,0x000000071d400000,0x000000071d480000)
 ParOldGen       total 349696K, used 1960K [0x00000005c1800000, 0x00000005d6d80000, 0x0000000715d80000)
  object space 349696K, 0% used [0x00000005c1800000,0x00000005c19ea070,0x00000005d6d80000)
 Metaspace       used 12969K, capacity 13142K, committed 13312K, reserved 1060864K
  class space    used 1644K, capacity 1709K, committed 1792K, reserved 1048576K
}

